CRITICAL - 2022-11-21 17:36:45 --> The namespace delimiter is a backslash (\), not a slash (/). Route handler: \App\Controllers\Admin/Admin::index
in SYSTEMPATH/Router/Router.php on line 466.
 1 SYSTEMPATH/Router/Router.php(466): CodeIgniter\Router\Exceptions\RouterException::forInvalidControllerName('\\App\\Controllers\\Admin/Admin::index')
 2 SYSTEMPATH/Router/Router.php(181): CodeIgniter\Router\Router->checkRoutes('admin')
 3 SYSTEMPATH/CodeIgniter.php(802): CodeIgniter\Router\Router->handle('admin')
 4 SYSTEMPATH/CodeIgniter.php(430): CodeIgniter\CodeIgniter->tryToRouteIt(Object(CodeIgniter\Router\RouteCollection))
 5 SYSTEMPATH/CodeIgniter.php(351): CodeIgniter\CodeIgniter->handleRequest(null, Object(Config\Cache), false)
 6 FCPATH/index.php(67): CodeIgniter\CodeIgniter->run()
CRITICAL - 2022-11-21 17:41:09 --> The namespace delimiter is a backslash (\), not a slash (/). Route handler: \App\Controllers\Admin/Admin::index
in SYSTEMPATH/Router/Router.php on line 466.
 1 SYSTEMPATH/Router/Router.php(466): CodeIgniter\Router\Exceptions\RouterException::forInvalidControllerName('\\App\\Controllers\\Admin/Admin::index')
 2 SYSTEMPATH/Router/Router.php(181): CodeIgniter\Router\Router->checkRoutes('admin')
 3 SYSTEMPATH/CodeIgniter.php(802): CodeIgniter\Router\Router->handle('admin')
 4 SYSTEMPATH/CodeIgniter.php(430): CodeIgniter\CodeIgniter->tryToRouteIt(Object(CodeIgniter\Router\RouteCollection))
 5 SYSTEMPATH/CodeIgniter.php(351): CodeIgniter\CodeIgniter->handleRequest(null, Object(Config\Cache), false)
 6 FCPATH/index.php(67): CodeIgniter\CodeIgniter->run()
CRITICAL - 2022-11-21 17:43:11 --> The namespace delimiter is a backslash (\), not a slash (/). Route handler: \App\Controllers\Admin/Admin::index
in SYSTEMPATH/Router/Router.php on line 466.
 1 SYSTEMPATH/Router/Router.php(466): CodeIgniter\Router\Exceptions\RouterException::forInvalidControllerName('\\App\\Controllers\\Admin/Admin::index')
 2 SYSTEMPATH/Router/Router.php(181): CodeIgniter\Router\Router->checkRoutes('admin')
 3 SYSTEMPATH/CodeIgniter.php(802): CodeIgniter\Router\Router->handle('admin')
 4 SYSTEMPATH/CodeIgniter.php(430): CodeIgniter\CodeIgniter->tryToRouteIt(Object(CodeIgniter\Router\RouteCollection))
 5 SYSTEMPATH/CodeIgniter.php(351): CodeIgniter\CodeIgniter->handleRequest(null, Object(Config\Cache), false)
 6 FCPATH/index.php(67): CodeIgniter\CodeIgniter->run()
CRITICAL - 2022-11-21 17:47:17 --> The namespace delimiter is a backslash (\), not a slash (/). Route handler: \App\Controllers\Admin/Admin::index
in SYSTEMPATH/Router/Router.php on line 466.
 1 SYSTEMPATH/Router/Router.php(466): CodeIgniter\Router\Exceptions\RouterException::forInvalidControllerName('\\App\\Controllers\\Admin/Admin::index')
 2 SYSTEMPATH/Router/Router.php(181): CodeIgniter\Router\Router->checkRoutes('admin')
 3 SYSTEMPATH/CodeIgniter.php(802): CodeIgniter\Router\Router->handle('admin')
 4 SYSTEMPATH/CodeIgniter.php(430): CodeIgniter\CodeIgniter->tryToRouteIt(Object(CodeIgniter\Router\RouteCollection))
 5 SYSTEMPATH/CodeIgniter.php(351): CodeIgniter\CodeIgniter->handleRequest(null, Object(Config\Cache), false)
 6 FCPATH/index.php(67): CodeIgniter\CodeIgniter->run()
CRITICAL - 2022-11-21 18:44:10 --> Class "App\Models\UsertModel" not found
in APPPATH/Controllers/Admin/User.php on line 14.
 1 SYSTEMPATH/CodeIgniter.php(927): App\Controllers\Admin\User->validateLogin()
 2 SYSTEMPATH/CodeIgniter.php(482): CodeIgniter\CodeIgniter->runController(Object(App\Controllers\Admin\User))
 3 SYSTEMPATH/CodeIgniter.php(351): CodeIgniter\CodeIgniter->handleRequest(null, Object(Config\Cache), false)
 4 FCPATH/index.php(67): CodeIgniter\CodeIgniter->run()
CRITICAL - 2022-11-21 18:44:31 --> Class "App\Models\UsertModel" not found
in APPPATH/Controllers/Admin/User.php on line 14.
 1 SYSTEMPATH/CodeIgniter.php(927): App\Controllers\Admin\User->validateLogin()
 2 SYSTEMPATH/CodeIgniter.php(482): CodeIgniter\CodeIgniter->runController(Object(App\Controllers\Admin\User))
 3 SYSTEMPATH/CodeIgniter.php(351): CodeIgniter\CodeIgniter->handleRequest(null, Object(Config\Cache), false)
 4 FCPATH/index.php(67): CodeIgniter\CodeIgniter->run()
